<?xml version="1.0" encoding="UTF-8"?>
<testsuite xmlns:xsi="http://www.w3.org/2001/XMLSchema-instance" xsi:noNamespaceSchemaLocation="https://maven.apache.org/surefire/maven-surefire-plugin/xsd/surefire-test-report.xsd" name="Core.AssetLoadAudioTest" time="6.164" tests="12" errors="0" skipped="0" failures="0">
  <properties>
[...]
</properties>
  <testcase name="notNullThemeSongTest" classname="Core.AssetLoadAudioTest" time="0.232"/>
  <testcase name="nullValidVictoryTest" classname="Core.AssetLoadAudioTest" time="0.192"/>
  <testcase name="notNullValidCoronaTimeTest" classname="Core.AssetLoadAudioTest" time="0.076"/>
  <testcase name="nullValidThemeSongTest" classname="Core.AssetLoadAudioTest" time="0.067"/>
  <testcase name="notNullSwooshTest" classname="Core.AssetLoadAudioTest" time="0.082"/>
  <testcase name="nullValidSwooshTest" classname="Core.AssetLoadAudioTest" time="0.067"/>
  <testcase name="nullValidGameOverAudioTest" classname="Core.AssetLoadAudioTest" time="0.07"/>
  <testcase name="notNullGameOverAudioTest" classname="Core.AssetLoadAudioTest" time="0.068"/>
  <testcase name="nullValidCoronaTest" classname="Core.AssetLoadAudioTest" time="0.09"/>
  <testcase name="notNullClickTest" classname="Core.AssetLoadAudioTest" time="0.094"/>
  <testcase name="nullValidClickTest" classname="Core.AssetLoadAudioTest" time="0.1"/>
  <testcase name="notNullVictoryTest" classname="Core.AssetLoadAudioTest" time="0.07"/>
</testsuite>